[2024-11-04 22:14:58,577: INFO: main: Welcome to custome logging]
[2024-11-11 15:02:09,809: INFO: main: >>>>> stage Data Ingestion Stage started <<<<<]
[2024-11-11 15:02:09,809: INFO: common: yaml file: config\config.yaml loaded successfully]
[2024-11-11 15:02:09,822: INFO: common: yaml file: params.yaml loaded successfully]
[2024-11-11 15:02:09,824: INFO: common: yaml file: schema.yaml loaded successfully]
[2024-11-11 15:02:09,825: INFO: common: created directory at: artifacts]
[2024-11-11 15:02:09,827: INFO: common: created directory at: artifacts/data_ingestion]
[2024-11-11 15:02:10,791: INFO: data_ingestion: artifacts/data_ingestion/data.zip download! with following info: 
Connection: close
Content-Length: 23329
Cache-Control: max-age=300
Content-Security-Policy: default-src 'none'; style-src 'unsafe-inline'; sandbox
Content-Type: application/zip
ETag: "c69888a4ae59bc5a893392785a938ccd4937981c06ba8a9d6a21aa52b4ab5b6e"
Strict-Transport-Security: max-age=31536000
X-Content-Type-Options: nosniff
X-Frame-Options: deny
X-XSS-Protection: 1; mode=block
X-GitHub-Request-Id: D44C:5D1A5:60096:6BCCF:673262C1
Accept-Ranges: bytes
Date: Mon, 11 Nov 2024 20:02:10 GMT
Via: 1.1 varnish
X-Served-By: cache-ewr-kewr1740061-EWR
X-Cache: MISS
X-Cache-Hits: 0
X-Timer: S1731355330.097501,VS0,VE186
Vary: Authorization,Accept-Encoding,Origin
Access-Control-Allow-Origin: *
Cross-Origin-Resource-Policy: cross-origin
X-Fastly-Request-ID: 664dcf3c28cd8f2a5a8daeffc4860dcedd1c6e2a
Expires: Mon, 11 Nov 2024 20:07:10 GMT
Source-Age: 0

]
[2024-11-11 15:02:10,805: INFO: main: >>>>> stage Data Ingestion Stage completed <<<<<

x=======x]
[2024-11-11 15:40:24,960: INFO: common: yaml file: config\config.yaml loaded successfully]
[2024-11-11 15:40:24,962: INFO: common: yaml file: params.yaml loaded successfully]
[2024-11-11 15:40:24,970: INFO: common: yaml file: schema.yaml loaded successfully]
[2024-11-11 15:40:24,972: INFO: common: created directory at: artifacts]
[2024-11-11 15:42:43,675: INFO: common: yaml file: config\config.yaml loaded successfully]
[2024-11-11 15:42:43,676: INFO: common: yaml file: params.yaml loaded successfully]
[2024-11-11 15:42:43,679: INFO: common: yaml file: schema.yaml loaded successfully]
[2024-11-11 15:42:43,682: INFO: common: created directory at: artifacts]
[2024-11-11 15:42:43,682: INFO: common: created directory at: artifacts/data_validation]
[2024-11-11 15:59:01,580: INFO: main: >>>>> stage Data Ingestion Stage started <<<<<]
[2024-11-11 15:59:01,583: INFO: common: yaml file: config\config.yaml loaded successfully]
[2024-11-11 15:59:01,584: INFO: common: yaml file: params.yaml loaded successfully]
[2024-11-11 15:59:01,588: INFO: common: yaml file: schema.yaml loaded successfully]
[2024-11-11 15:59:01,593: INFO: common: created directory at: artifacts]
[2024-11-11 15:59:01,594: INFO: common: created directory at: artifacts/data_ingestion]
[2024-11-11 15:59:02,533: INFO: data_ingestion: artifacts/data_ingestion/data.zip download! with following info: 
Connection: close
Content-Length: 23329
Cache-Control: max-age=300
Content-Security-Policy: default-src 'none'; style-src 'unsafe-inline'; sandbox
Content-Type: application/zip
ETag: "c69888a4ae59bc5a893392785a938ccd4937981c06ba8a9d6a21aa52b4ab5b6e"
Strict-Transport-Security: max-age=31536000
X-Content-Type-Options: nosniff
X-Frame-Options: deny
X-XSS-Protection: 1; mode=block
X-GitHub-Request-Id: D44C:5D1A5:60096:6BCCF:673262C1
Accept-Ranges: bytes
Date: Mon, 11 Nov 2024 20:59:02 GMT
Via: 1.1 varnish
X-Served-By: cache-ewr-kewr1740046-EWR
X-Cache: HIT
X-Cache-Hits: 0
X-Timer: S1731358742.861747,VS0,VE163
Vary: Authorization,Accept-Encoding,Origin
Access-Control-Allow-Origin: *
Cross-Origin-Resource-Policy: cross-origin
X-Fastly-Request-ID: 72bfa21a6fef741aa91c076f5597289d8c9eba9d
Expires: Mon, 11 Nov 2024 21:04:02 GMT
Source-Age: 0

]
[2024-11-11 15:59:02,548: INFO: main: >>>>> stage Data Ingestion Stage completed <<<<<

x=======x]
[2024-11-11 15:59:02,548: INFO: main: >>>>> stage Data Validation Stage started <<<<<]
[2024-11-11 15:59:02,551: INFO: common: yaml file: config\config.yaml loaded successfully]
[2024-11-11 15:59:02,552: INFO: common: yaml file: params.yaml loaded successfully]
[2024-11-11 15:59:02,553: INFO: common: yaml file: schema.yaml loaded successfully]
[2024-11-11 15:59:02,554: INFO: common: created directory at: artifacts]
[2024-11-11 15:59:02,555: INFO: common: created directory at: artifacts/data_validation]
[2024-11-11 15:59:02,572: INFO: main: >>>>> stage Data Validation Stage completed <<<<<

x=====x]
[2024-11-11 16:22:08,283: INFO: common: yaml file: config\config.yaml loaded successfully]
[2024-11-11 16:22:08,287: INFO: common: yaml file: params.yaml loaded successfully]
[2024-11-11 16:22:08,290: INFO: common: yaml file: schema.yaml loaded successfully]
[2024-11-11 16:22:08,291: INFO: common: created directory at: artifacts]
[2024-11-11 16:22:08,293: INFO: common: created directory at: artifacts/data_transformation]
[2024-11-11 16:22:08,326: INFO: 3085459603: Splittted data into training and test sets]
[2024-11-11 16:22:08,327: INFO: 3085459603: (1199, 12)]
[2024-11-11 16:22:08,329: INFO: 3085459603: (400, 12)]
[2024-11-11 16:39:17,056: INFO: main: >>>>> stage Data Ingestion Stage started <<<<<]
[2024-11-11 16:39:17,064: INFO: common: yaml file: config\config.yaml loaded successfully]
[2024-11-11 16:39:17,072: INFO: common: yaml file: params.yaml loaded successfully]
[2024-11-11 16:39:17,074: INFO: common: yaml file: schema.yaml loaded successfully]
[2024-11-11 16:39:17,077: INFO: common: created directory at: artifacts]
[2024-11-11 16:39:17,077: INFO: common: created directory at: artifacts/data_ingestion]
[2024-11-11 16:39:17,787: INFO: data_ingestion: artifacts/data_ingestion/data.zip download! with following info: 
Connection: close
Content-Length: 23329
Cache-Control: max-age=300
Content-Security-Policy: default-src 'none'; style-src 'unsafe-inline'; sandbox
Content-Type: application/zip
ETag: "c69888a4ae59bc5a893392785a938ccd4937981c06ba8a9d6a21aa52b4ab5b6e"
Strict-Transport-Security: max-age=31536000
X-Content-Type-Options: nosniff
X-Frame-Options: deny
X-XSS-Protection: 1; mode=block
X-GitHub-Request-Id: D44C:5D1A5:60096:6BCCF:673262C1
Accept-Ranges: bytes
Date: Mon, 11 Nov 2024 21:39:17 GMT
Via: 1.1 varnish
X-Served-By: cache-ewr-kewr1740023-EWR
X-Cache: HIT
X-Cache-Hits: 0
X-Timer: S1731361157.237643,VS0,VE55
Vary: Authorization,Accept-Encoding,Origin
Access-Control-Allow-Origin: *
Cross-Origin-Resource-Policy: cross-origin
X-Fastly-Request-ID: 9a9e95d1887ccdeb28cdcdaf8388b7be77101728
Expires: Mon, 11 Nov 2024 21:44:17 GMT
Source-Age: 0

]
[2024-11-11 16:39:17,794: INFO: main: >>>>> stage Data Ingestion Stage completed <<<<<

x=======x]
[2024-11-11 16:39:17,802: INFO: main: >>>>> stage Data Validation Stage started <<<<<]
[2024-11-11 16:39:17,806: INFO: common: yaml file: config\config.yaml loaded successfully]
[2024-11-11 16:39:17,806: INFO: common: yaml file: params.yaml loaded successfully]
[2024-11-11 16:39:17,809: INFO: common: yaml file: schema.yaml loaded successfully]
[2024-11-11 16:39:17,810: INFO: common: created directory at: artifacts]
[2024-11-11 16:39:17,810: INFO: common: created directory at: artifacts/data_validation]
[2024-11-11 16:39:17,832: INFO: main: >>>>> stage Data Validation Stage completed <<<<<

x=====x]
[2024-11-11 16:39:17,833: INFO: main: >>>>> stage Data Transformation Stage started <<<<<]
[2024-11-11 16:39:17,843: INFO: common: yaml file: config\config.yaml loaded successfully]
[2024-11-11 16:39:17,844: INFO: common: yaml file: params.yaml loaded successfully]
[2024-11-11 16:39:17,847: INFO: common: yaml file: schema.yaml loaded successfully]
[2024-11-11 16:39:17,847: INFO: common: created directory at: artifacts]
[2024-11-11 16:39:17,850: INFO: common: created directory at: artifacts/data_transformation]
[2024-11-11 16:39:17,869: INFO: data_transformation: Splittted data into training and test sets]
[2024-11-11 16:39:17,871: INFO: data_transformation: (1199, 12)]
[2024-11-11 16:39:17,871: INFO: data_transformation: (400, 12)]
[2024-11-11 16:39:17,873: INFO: main: >>>>> stage Data Transformation Stage completed <<<<<

x=====x]
[2024-11-11 19:51:58,671: INFO: common: yaml file: config\config.yaml loaded successfully]
[2024-11-11 19:51:58,682: INFO: common: yaml file: params.yaml loaded successfully]
[2024-11-11 19:51:58,691: INFO: common: yaml file: schema.yaml loaded successfully]
[2024-11-11 19:51:58,694: INFO: common: created directory at: artifacts]
[2024-11-11 19:51:58,697: INFO: common: created directory at: artifacts/model_trainer]
[2024-11-11 19:52:47,736: INFO: common: yaml file: config\config.yaml loaded successfully]
[2024-11-11 19:52:47,738: INFO: common: yaml file: params.yaml loaded successfully]
[2024-11-11 19:52:47,745: INFO: common: yaml file: schema.yaml loaded successfully]
[2024-11-11 19:52:47,747: INFO: common: created directory at: artifacts]
[2024-11-11 19:52:47,748: INFO: common: created directory at: artifacts/model_trainer]
[2024-11-11 19:53:29,720: INFO: common: yaml file: config\config.yaml loaded successfully]
[2024-11-11 19:53:29,723: INFO: common: yaml file: params.yaml loaded successfully]
[2024-11-11 19:53:29,726: INFO: common: yaml file: schema.yaml loaded successfully]
[2024-11-11 19:53:29,728: INFO: common: created directory at: artifacts]
[2024-11-11 19:53:29,730: INFO: common: created directory at: artifacts/model_trainer]
[2024-11-11 19:56:09,156: INFO: common: yaml file: config\config.yaml loaded successfully]
[2024-11-11 19:56:09,158: INFO: common: yaml file: params.yaml loaded successfully]
[2024-11-11 19:56:09,163: INFO: common: yaml file: schema.yaml loaded successfully]
[2024-11-11 19:56:09,164: INFO: common: created directory at: artifacts]
[2024-11-11 19:56:09,165: INFO: common: created directory at: artifacts/model_trainer]
[2024-11-11 20:08:27,390: INFO: main: >>>>> stage Data Ingestion Stage started <<<<<]
[2024-11-11 20:08:27,392: INFO: common: yaml file: config\config.yaml loaded successfully]
[2024-11-11 20:08:27,394: INFO: common: yaml file: params.yaml loaded successfully]
[2024-11-11 20:08:27,397: INFO: common: yaml file: schema.yaml loaded successfully]
[2024-11-11 20:08:27,398: INFO: common: created directory at: artifacts]
[2024-11-11 20:08:27,399: INFO: common: created directory at: artifacts/data_ingestion]
[2024-11-11 20:08:28,264: INFO: data_ingestion: artifacts/data_ingestion/data.zip download! with following info: 
Connection: close
Content-Length: 23329
Cache-Control: max-age=300
Content-Security-Policy: default-src 'none'; style-src 'unsafe-inline'; sandbox
Content-Type: application/zip
ETag: "c69888a4ae59bc5a893392785a938ccd4937981c06ba8a9d6a21aa52b4ab5b6e"
Strict-Transport-Security: max-age=31536000
X-Content-Type-Options: nosniff
X-Frame-Options: deny
X-XSS-Protection: 1; mode=block
X-GitHub-Request-Id: 6884:3EACBD:13F036:15FBAC:6732AA8B
Accept-Ranges: bytes
Date: Tue, 12 Nov 2024 01:08:27 GMT
Via: 1.1 varnish
X-Served-By: cache-ewr-kewr1740023-EWR
X-Cache: MISS
X-Cache-Hits: 0
X-Timer: S1731373708.612143,VS0,VE92
Vary: Authorization,Accept-Encoding,Origin
Access-Control-Allow-Origin: *
Cross-Origin-Resource-Policy: cross-origin
X-Fastly-Request-ID: 18cf1855ff0db0aacc58546302a6a645449bff4e
Expires: Tue, 12 Nov 2024 01:13:27 GMT
Source-Age: 0

]
[2024-11-11 20:08:28,284: INFO: main: >>>>> stage Data Ingestion Stage completed <<<<<

x=======x]
[2024-11-11 20:08:28,286: INFO: main: >>>>> stage Data Validation Stage started <<<<<]
[2024-11-11 20:08:28,290: INFO: common: yaml file: config\config.yaml loaded successfully]
[2024-11-11 20:08:28,291: INFO: common: yaml file: params.yaml loaded successfully]
[2024-11-11 20:08:28,293: INFO: common: yaml file: schema.yaml loaded successfully]
[2024-11-11 20:08:28,295: INFO: common: created directory at: artifacts]
[2024-11-11 20:08:28,297: INFO: common: created directory at: artifacts/data_validation]
[2024-11-11 20:08:28,318: INFO: main: >>>>> stage Data Validation Stage completed <<<<<

x=====x]
[2024-11-11 20:08:28,319: INFO: main: >>>>> stage Data Transformation Stage started <<<<<]
[2024-11-11 20:08:28,333: INFO: common: yaml file: config\config.yaml loaded successfully]
[2024-11-11 20:08:28,334: INFO: common: yaml file: params.yaml loaded successfully]
[2024-11-11 20:08:28,338: INFO: common: yaml file: schema.yaml loaded successfully]
[2024-11-11 20:08:28,339: INFO: common: created directory at: artifacts]
[2024-11-11 20:08:28,339: INFO: common: created directory at: artifacts/data_transformation]
[2024-11-11 20:08:28,360: INFO: data_transformation: Splittted data into training and test sets]
[2024-11-11 20:08:28,362: INFO: data_transformation: (1199, 12)]
[2024-11-11 20:08:28,363: INFO: data_transformation: (400, 12)]
[2024-11-11 20:08:28,364: INFO: main: >>>>> stage Data Transformation Stage completed <<<<<

x=====x]
[2024-11-11 20:08:28,364: INFO: main: >>>>> stage Model Trainer Stage started <<<<<]
[2024-11-11 20:08:28,366: INFO: common: yaml file: config\config.yaml loaded successfully]
[2024-11-11 20:08:28,367: INFO: common: yaml file: params.yaml loaded successfully]
[2024-11-11 20:08:28,370: INFO: common: yaml file: schema.yaml loaded successfully]
[2024-11-11 20:08:28,370: INFO: common: created directory at: artifacts]
[2024-11-11 20:08:28,371: INFO: common: created directory at: artifacts/model_trainer]
[2024-11-11 20:08:28,401: INFO: main: >>>>> stage Model Trainer Stage completed <<<<<

x=====x]
[2024-11-11 21:42:27,821: INFO: common: yaml file: config\config.yaml loaded successfully]
[2024-11-11 21:42:27,826: INFO: common: yaml file: params.yaml loaded successfully]
[2024-11-11 21:42:27,831: INFO: common: yaml file: schema.yaml loaded successfully]
[2024-11-11 21:42:27,834: INFO: common: created directory at: artifacts]
[2024-11-11 21:42:27,835: INFO: common: created directory at: artifacts/model_evaluation]
[2024-11-11 21:47:20,287: INFO: common: yaml file: config\config.yaml loaded successfully]
[2024-11-11 21:47:20,288: INFO: common: yaml file: params.yaml loaded successfully]
[2024-11-11 21:47:20,288: INFO: common: yaml file: schema.yaml loaded successfully]
[2024-11-11 21:47:20,296: INFO: common: created directory at: artifacts]
[2024-11-11 21:47:20,298: INFO: common: created directory at: artifacts/model_evaluation]
[2024-11-11 21:47:20,450: INFO: common: json file saved at: artifacts\model_evaluation\metrics.json]
[2024-11-11 22:01:08,314: INFO: main: >>>>> stage Data Ingestion Stage started <<<<<]
[2024-11-11 22:01:08,318: INFO: common: yaml file: config\config.yaml loaded successfully]
[2024-11-11 22:01:08,320: INFO: common: yaml file: params.yaml loaded successfully]
[2024-11-11 22:01:08,323: INFO: common: yaml file: schema.yaml loaded successfully]
[2024-11-11 22:01:08,324: INFO: common: created directory at: artifacts]
[2024-11-11 22:01:08,325: INFO: common: created directory at: artifacts/data_ingestion]
[2024-11-11 22:01:09,159: INFO: data_ingestion: artifacts/data_ingestion/data.zip download! with following info: 
Connection: close
Content-Length: 23329
Cache-Control: max-age=300
Content-Security-Policy: default-src 'none'; style-src 'unsafe-inline'; sandbox
Content-Type: application/zip
ETag: "c69888a4ae59bc5a893392785a938ccd4937981c06ba8a9d6a21aa52b4ab5b6e"
Strict-Transport-Security: max-age=31536000
X-Content-Type-Options: nosniff
X-Frame-Options: deny
X-XSS-Protection: 1; mode=block
X-GitHub-Request-Id: 8D14:388545:20EAD2:240503:6732C4F4
Accept-Ranges: bytes
Date: Tue, 12 Nov 2024 03:01:08 GMT
Via: 1.1 varnish
X-Served-By: cache-ewr-kewr1740075-EWR
X-Cache: MISS
X-Cache-Hits: 0
X-Timer: S1731380468.493834,VS0,VE97
Vary: Authorization,Accept-Encoding,Origin
Access-Control-Allow-Origin: *
Cross-Origin-Resource-Policy: cross-origin
X-Fastly-Request-ID: eda56f8b78aea67691601b9bad3cfc7b72fac804
Expires: Tue, 12 Nov 2024 03:06:08 GMT
Source-Age: 0

]
[2024-11-11 22:01:09,172: INFO: main: >>>>> stage Data Ingestion Stage completed <<<<<

x=======x]
[2024-11-11 22:01:09,173: INFO: main: >>>>> stage Data Validation Stage started <<<<<]
[2024-11-11 22:01:09,178: INFO: common: yaml file: config\config.yaml loaded successfully]
[2024-11-11 22:01:09,179: INFO: common: yaml file: params.yaml loaded successfully]
[2024-11-11 22:01:09,180: INFO: common: yaml file: schema.yaml loaded successfully]
[2024-11-11 22:01:09,181: INFO: common: created directory at: artifacts]
[2024-11-11 22:01:09,181: INFO: common: created directory at: artifacts/data_validation]
[2024-11-11 22:01:09,201: INFO: main: >>>>> stage Data Validation Stage completed <<<<<

x=====x]
[2024-11-11 22:01:09,201: INFO: main: >>>>> stage Data Transformation Stage started <<<<<]
[2024-11-11 22:01:09,208: INFO: common: yaml file: config\config.yaml loaded successfully]
[2024-11-11 22:01:09,211: INFO: common: yaml file: params.yaml loaded successfully]
[2024-11-11 22:01:09,212: INFO: common: yaml file: schema.yaml loaded successfully]
[2024-11-11 22:01:09,212: INFO: common: created directory at: artifacts]
[2024-11-11 22:01:09,214: INFO: common: created directory at: artifacts/data_transformation]
[2024-11-11 22:01:09,240: INFO: data_transformation: Splittted data into training and test sets]
[2024-11-11 22:01:09,241: INFO: data_transformation: (1199, 12)]
[2024-11-11 22:01:09,241: INFO: data_transformation: (400, 12)]
[2024-11-11 22:01:09,242: INFO: main: >>>>> stage Data Transformation Stage completed <<<<<

x=====x]
[2024-11-11 22:01:09,242: INFO: main: >>>>> stage Model Trainer Stage started <<<<<]
[2024-11-11 22:01:09,245: INFO: common: yaml file: config\config.yaml loaded successfully]
[2024-11-11 22:01:09,247: INFO: common: yaml file: params.yaml loaded successfully]
[2024-11-11 22:01:09,248: INFO: common: yaml file: schema.yaml loaded successfully]
[2024-11-11 22:01:09,249: INFO: common: created directory at: artifacts]
[2024-11-11 22:01:09,250: INFO: common: created directory at: artifacts/model_trainer]
[2024-11-11 22:01:09,285: INFO: main: >>>>> stage Model Trainer Stage completed <<<<<

x=====x]
[2024-11-11 22:02:04,633: INFO: main: >>>>> stage Data Ingestion Stage started <<<<<]
[2024-11-11 22:02:04,636: INFO: common: yaml file: config\config.yaml loaded successfully]
[2024-11-11 22:02:04,637: INFO: common: yaml file: params.yaml loaded successfully]
[2024-11-11 22:02:04,639: INFO: common: yaml file: schema.yaml loaded successfully]
[2024-11-11 22:02:04,640: INFO: common: created directory at: artifacts]
[2024-11-11 22:02:04,641: INFO: common: created directory at: artifacts/data_ingestion]
[2024-11-11 22:02:05,297: INFO: data_ingestion: artifacts/data_ingestion/data.zip download! with following info: 
Connection: close
Content-Length: 23329
Cache-Control: max-age=300
Content-Security-Policy: default-src 'none'; style-src 'unsafe-inline'; sandbox
Content-Type: application/zip
ETag: "c69888a4ae59bc5a893392785a938ccd4937981c06ba8a9d6a21aa52b4ab5b6e"
Strict-Transport-Security: max-age=31536000
X-Content-Type-Options: nosniff
X-Frame-Options: deny
X-XSS-Protection: 1; mode=block
X-GitHub-Request-Id: 8D14:388545:20EAD2:240503:6732C4F4
Accept-Ranges: bytes
Date: Tue, 12 Nov 2024 03:02:04 GMT
Via: 1.1 varnish
X-Served-By: cache-ewr-kewr1740073-EWR
X-Cache: HIT
X-Cache-Hits: 1
X-Timer: S1731380525.703121,VS0,VE21
Vary: Authorization,Accept-Encoding,Origin
Access-Control-Allow-Origin: *
Cross-Origin-Resource-Policy: cross-origin
X-Fastly-Request-ID: 28da7dfb173a4b98fe2136a6ba7ad2f82335608f
Expires: Tue, 12 Nov 2024 03:07:04 GMT
Source-Age: 56

]
[2024-11-11 22:02:05,316: INFO: main: >>>>> stage Data Ingestion Stage completed <<<<<

x=======x]
[2024-11-11 22:02:05,317: INFO: main: >>>>> stage Data Validation Stage started <<<<<]
[2024-11-11 22:02:05,320: INFO: common: yaml file: config\config.yaml loaded successfully]
[2024-11-11 22:02:05,323: INFO: common: yaml file: params.yaml loaded successfully]
[2024-11-11 22:02:05,325: INFO: common: yaml file: schema.yaml loaded successfully]
[2024-11-11 22:02:05,327: INFO: common: created directory at: artifacts]
[2024-11-11 22:02:05,328: INFO: common: created directory at: artifacts/data_validation]
[2024-11-11 22:02:05,346: INFO: main: >>>>> stage Data Validation Stage completed <<<<<

x=====x]
[2024-11-11 22:02:05,347: INFO: main: >>>>> stage Data Transformation Stage started <<<<<]
[2024-11-11 22:02:05,352: INFO: common: yaml file: config\config.yaml loaded successfully]
[2024-11-11 22:02:05,352: INFO: common: yaml file: params.yaml loaded successfully]
[2024-11-11 22:02:05,354: INFO: common: yaml file: schema.yaml loaded successfully]
[2024-11-11 22:02:05,354: INFO: common: created directory at: artifacts]
[2024-11-11 22:02:05,355: INFO: common: created directory at: artifacts/data_transformation]
[2024-11-11 22:02:05,374: INFO: data_transformation: Splittted data into training and test sets]
[2024-11-11 22:02:05,375: INFO: data_transformation: (1199, 12)]
[2024-11-11 22:02:05,375: INFO: data_transformation: (400, 12)]
[2024-11-11 22:02:05,375: INFO: main: >>>>> stage Data Transformation Stage completed <<<<<

x=====x]
[2024-11-11 22:02:05,376: INFO: main: >>>>> stage Model Trainer Stage started <<<<<]
[2024-11-11 22:02:05,379: INFO: common: yaml file: config\config.yaml loaded successfully]
[2024-11-11 22:02:05,380: INFO: common: yaml file: params.yaml loaded successfully]
[2024-11-11 22:02:05,382: INFO: common: yaml file: schema.yaml loaded successfully]
[2024-11-11 22:02:05,382: INFO: common: created directory at: artifacts]
[2024-11-11 22:02:05,383: INFO: common: created directory at: artifacts/model_trainer]
[2024-11-11 22:02:05,410: INFO: main: >>>>> stage Model Trainer Stage completed <<<<<

x=====x]
[2024-11-11 22:02:05,411: INFO: main: >>>>> stage  Model Evaluation Stage started <<<<<]
[2024-11-11 22:02:05,416: INFO: common: yaml file: config\config.yaml loaded successfully]
[2024-11-11 22:02:05,416: INFO: common: yaml file: params.yaml loaded successfully]
[2024-11-11 22:02:05,419: INFO: common: yaml file: schema.yaml loaded successfully]
[2024-11-11 22:02:05,419: INFO: common: created directory at: artifacts]
[2024-11-11 22:02:05,420: INFO: common: created directory at: artifacts/model_evaluation]
[2024-11-11 22:02:06,388: INFO: common: json file saved at: artifacts\model_evaluation\metrics.json]
[2024-11-11 22:02:11,664: INFO: main: >>>>> stage  Model Evaluation Stage completed <<<<<

x=====x]
[2024-11-11 22:04:00,486: INFO: main: >>>>> stage Data Ingestion Stage started <<<<<]
[2024-11-11 22:04:00,488: INFO: common: yaml file: config\config.yaml loaded successfully]
[2024-11-11 22:04:00,488: INFO: common: yaml file: params.yaml loaded successfully]
[2024-11-11 22:04:00,497: INFO: common: yaml file: schema.yaml loaded successfully]
[2024-11-11 22:04:00,499: INFO: common: created directory at: artifacts]
[2024-11-11 22:04:00,500: INFO: common: created directory at: artifacts/data_ingestion]
[2024-11-11 22:04:01,018: INFO: data_ingestion: artifacts/data_ingestion/data.zip download! with following info: 
Connection: close
Content-Length: 23329
Cache-Control: max-age=300
Content-Security-Policy: default-src 'none'; style-src 'unsafe-inline'; sandbox
Content-Type: application/zip
ETag: "c69888a4ae59bc5a893392785a938ccd4937981c06ba8a9d6a21aa52b4ab5b6e"
Strict-Transport-Security: max-age=31536000
X-Content-Type-Options: nosniff
X-Frame-Options: deny
X-XSS-Protection: 1; mode=block
X-GitHub-Request-Id: 8D14:388545:20EAD2:240503:6732C4F4
Accept-Ranges: bytes
Date: Tue, 12 Nov 2024 03:04:00 GMT
Via: 1.1 varnish
X-Served-By: cache-ewr-kewr1740075-EWR
X-Cache: HIT
X-Cache-Hits: 0
X-Timer: S1731380640.450221,VS0,VE2
Vary: Authorization,Accept-Encoding,Origin
Access-Control-Allow-Origin: *
Cross-Origin-Resource-Policy: cross-origin
X-Fastly-Request-ID: c1b6b9c78839a583fbca3b169ed0b146766c0ce5
Expires: Tue, 12 Nov 2024 03:09:00 GMT
Source-Age: 172

]
[2024-11-11 22:04:01,029: INFO: main: >>>>> stage Data Ingestion Stage completed <<<<<

x=======x]
[2024-11-11 22:04:01,030: INFO: main: >>>>> stage Data Validation Stage started <<<<<]
[2024-11-11 22:04:01,034: INFO: common: yaml file: config\config.yaml loaded successfully]
[2024-11-11 22:04:01,036: INFO: common: yaml file: params.yaml loaded successfully]
[2024-11-11 22:04:01,038: INFO: common: yaml file: schema.yaml loaded successfully]
[2024-11-11 22:04:01,039: INFO: common: created directory at: artifacts]
[2024-11-11 22:04:01,042: INFO: common: created directory at: artifacts/data_validation]
[2024-11-11 22:04:01,058: INFO: main: >>>>> stage Data Validation Stage completed <<<<<

x=====x]
[2024-11-11 22:04:01,059: INFO: main: >>>>> stage Data Transformation Stage started <<<<<]
[2024-11-11 22:04:01,063: INFO: common: yaml file: config\config.yaml loaded successfully]
[2024-11-11 22:04:01,064: INFO: common: yaml file: params.yaml loaded successfully]
[2024-11-11 22:04:01,067: INFO: common: yaml file: schema.yaml loaded successfully]
[2024-11-11 22:04:01,068: INFO: common: created directory at: artifacts]
[2024-11-11 22:04:01,069: INFO: common: created directory at: artifacts/data_transformation]
[2024-11-11 22:04:01,088: INFO: data_transformation: Splittted data into training and test sets]
[2024-11-11 22:04:01,088: INFO: data_transformation: (1199, 12)]
[2024-11-11 22:04:01,088: INFO: data_transformation: (400, 12)]
[2024-11-11 22:04:01,091: INFO: main: >>>>> stage Data Transformation Stage completed <<<<<

x=====x]
[2024-11-11 22:04:01,091: INFO: main: >>>>> stage Model Trainer Stage started <<<<<]
[2024-11-11 22:04:01,091: INFO: common: yaml file: config\config.yaml loaded successfully]
[2024-11-11 22:04:01,091: INFO: common: yaml file: params.yaml loaded successfully]
[2024-11-11 22:04:01,098: INFO: common: yaml file: schema.yaml loaded successfully]
[2024-11-11 22:04:01,099: INFO: common: created directory at: artifacts]
[2024-11-11 22:04:01,100: INFO: common: created directory at: artifacts/model_trainer]
[2024-11-11 22:04:01,128: INFO: main: >>>>> stage Model Trainer Stage completed <<<<<

x=====x]
[2024-11-11 22:04:01,129: INFO: main: >>>>> stage  Model Evaluation Stage started <<<<<]
[2024-11-11 22:04:01,131: INFO: common: yaml file: config\config.yaml loaded successfully]
[2024-11-11 22:04:01,132: INFO: common: yaml file: params.yaml loaded successfully]
[2024-11-11 22:04:01,134: INFO: common: yaml file: schema.yaml loaded successfully]
[2024-11-11 22:04:01,136: INFO: common: created directory at: artifacts]
[2024-11-11 22:04:01,138: INFO: common: created directory at: artifacts/model_evaluation]
[2024-11-11 22:04:01,802: INFO: common: json file saved at: artifacts\model_evaluation\metrics.json]
[2024-11-11 22:04:07,041: INFO: main: >>>>> stage  Model Evaluation Stage completed <<<<<

x=====x]
[2024-11-11 22:06:46,003: INFO: main: >>>>> stage Data Ingestion Stage started <<<<<]
[2024-11-11 22:06:46,008: INFO: common: yaml file: config\config.yaml loaded successfully]
[2024-11-11 22:06:46,010: INFO: common: yaml file: params.yaml loaded successfully]
[2024-11-11 22:06:46,013: INFO: common: yaml file: schema.yaml loaded successfully]
[2024-11-11 22:06:46,015: INFO: common: created directory at: artifacts]
[2024-11-11 22:06:46,016: INFO: common: created directory at: artifacts/data_ingestion]
[2024-11-11 22:06:46,682: INFO: data_ingestion: artifacts/data_ingestion/data.zip download! with following info: 
Connection: close
Content-Length: 23329
Cache-Control: max-age=300
Content-Security-Policy: default-src 'none'; style-src 'unsafe-inline'; sandbox
Content-Type: application/zip
ETag: "c69888a4ae59bc5a893392785a938ccd4937981c06ba8a9d6a21aa52b4ab5b6e"
Strict-Transport-Security: max-age=31536000
X-Content-Type-Options: nosniff
X-Frame-Options: deny
X-XSS-Protection: 1; mode=block
X-GitHub-Request-Id: 8D14:388545:20EAD2:240503:6732C4F4
Accept-Ranges: bytes
Date: Tue, 12 Nov 2024 03:06:46 GMT
Via: 1.1 varnish
X-Served-By: cache-ewr-kewr1740069-EWR
X-Cache: HIT
X-Cache-Hits: 0
X-Timer: S1731380806.063362,VS0,VE54
Vary: Authorization,Accept-Encoding,Origin
Access-Control-Allow-Origin: *
Cross-Origin-Resource-Policy: cross-origin
X-Fastly-Request-ID: 0d509de4886dc81ac00eb511d45965bdbb0f499d
Expires: Tue, 12 Nov 2024 03:11:46 GMT
Source-Age: 0

]
[2024-11-11 22:06:46,688: INFO: main: >>>>> stage Data Ingestion Stage completed <<<<<

x=======x]
[2024-11-11 22:06:46,688: INFO: main: >>>>> stage Data Validation Stage started <<<<<]
[2024-11-11 22:06:46,697: INFO: common: yaml file: config\config.yaml loaded successfully]
[2024-11-11 22:06:46,699: INFO: common: yaml file: params.yaml loaded successfully]
[2024-11-11 22:06:46,700: INFO: common: yaml file: schema.yaml loaded successfully]
[2024-11-11 22:06:46,701: INFO: common: created directory at: artifacts]
[2024-11-11 22:06:46,702: INFO: common: created directory at: artifacts/data_validation]
[2024-11-11 22:06:46,721: INFO: main: >>>>> stage Data Validation Stage completed <<<<<

x=====x]
[2024-11-11 22:06:46,722: INFO: main: >>>>> stage Data Transformation Stage started <<<<<]
[2024-11-11 22:06:46,725: INFO: common: yaml file: config\config.yaml loaded successfully]
[2024-11-11 22:06:46,727: INFO: common: yaml file: params.yaml loaded successfully]
[2024-11-11 22:06:46,729: INFO: common: yaml file: schema.yaml loaded successfully]
[2024-11-11 22:06:46,730: INFO: common: created directory at: artifacts]
[2024-11-11 22:06:46,734: INFO: common: created directory at: artifacts/data_transformation]
[2024-11-11 22:06:46,753: INFO: data_transformation: Splittted data into training and test sets]
[2024-11-11 22:06:46,753: INFO: data_transformation: (1199, 12)]
[2024-11-11 22:06:46,753: INFO: data_transformation: (400, 12)]
[2024-11-11 22:06:46,754: INFO: main: >>>>> stage Data Transformation Stage completed <<<<<

x=====x]
[2024-11-11 22:06:46,754: INFO: main: >>>>> stage Model Trainer Stage started <<<<<]
[2024-11-11 22:06:46,756: INFO: common: yaml file: config\config.yaml loaded successfully]
[2024-11-11 22:06:46,758: INFO: common: yaml file: params.yaml loaded successfully]
[2024-11-11 22:06:46,761: INFO: common: yaml file: schema.yaml loaded successfully]
[2024-11-11 22:06:46,761: INFO: common: created directory at: artifacts]
[2024-11-11 22:06:46,762: INFO: common: created directory at: artifacts/model_trainer]
[2024-11-11 22:06:46,795: INFO: main: >>>>> stage Model Trainer Stage completed <<<<<

x=====x]
[2024-11-11 22:06:46,798: INFO: main: >>>>> stage  Model Evaluation Stage started <<<<<]
[2024-11-11 22:06:46,798: INFO: common: yaml file: config\config.yaml loaded successfully]
[2024-11-11 22:06:46,798: INFO: common: yaml file: params.yaml loaded successfully]
[2024-11-11 22:06:46,798: INFO: common: yaml file: schema.yaml loaded successfully]
[2024-11-11 22:06:46,798: INFO: common: created directory at: artifacts]
[2024-11-11 22:06:46,804: INFO: common: created directory at: artifacts/model_evaluation]
[2024-11-11 22:06:47,547: INFO: common: json file saved at: artifacts\model_evaluation\metrics.json]
[2024-11-11 22:06:53,391: INFO: main: >>>>> stage  Model Evaluation Stage completed <<<<<

x=====x]
