[2024-11-08 17:33:16,516: INFO: common: yaml file: config\config.yaml loaded successfully]
[2024-11-08 17:33:16,520: INFO: common: yaml file: params.yaml loaded successfully]
[2024-11-08 17:34:21,860: INFO: common: yaml file: config\config.yaml loaded successfully]
[2024-11-08 17:34:21,862: INFO: common: yaml file: params.yaml loaded successfully]
[2024-11-08 17:34:36,957: INFO: common: yaml file: config\config.yaml loaded successfully]
[2024-11-08 17:34:36,966: INFO: common: yaml file: params.yaml loaded successfully]
[2024-11-08 17:34:36,968: INFO: common: yaml file: schema.yaml loaded successfully]
[2024-11-08 17:35:13,366: INFO: common: yaml file: config\config.yaml loaded successfully]
[2024-11-08 17:35:13,367: INFO: common: yaml file: params.yaml loaded successfully]
[2024-11-08 17:35:13,369: INFO: common: yaml file: schema.yaml loaded successfully]
[2024-11-08 17:35:13,371: INFO: common: created directory at: artifacts]
[2024-11-08 17:35:13,372: INFO: common: created directory at: artifacts/data_ingestion]
[2024-11-08 17:35:33,291: INFO: common: yaml file: config\config.yaml loaded successfully]
[2024-11-08 17:35:33,293: INFO: common: yaml file: params.yaml loaded successfully]
[2024-11-08 17:35:33,295: INFO: common: yaml file: schema.yaml loaded successfully]
[2024-11-08 17:35:33,296: INFO: common: created directory at: artifacts]
[2024-11-08 17:35:33,299: INFO: common: created directory at: artifacts/data_ingestion]
[2024-11-08 17:35:34,062: INFO: 1925963706: artifacts/data_ingestion/data.zip download! with following info: 
Connection: close
Content-Length: 23329
Cache-Control: max-age=300
Content-Security-Policy: default-src 'none'; style-src 'unsafe-inline'; sandbox
Content-Type: application/zip
ETag: "c69888a4ae59bc5a893392785a938ccd4937981c06ba8a9d6a21aa52b4ab5b6e"
Strict-Transport-Security: max-age=31536000
X-Content-Type-Options: nosniff
X-Frame-Options: deny
X-XSS-Protection: 1; mode=block
X-GitHub-Request-Id: 48DC:1A0C2:46A9B:4C413:672E9234
Accept-Ranges: bytes
Date: Fri, 08 Nov 2024 22:35:34 GMT
Via: 1.1 varnish
X-Served-By: cache-ewr-kewr1740029-EWR
X-Cache: MISS
X-Cache-Hits: 0
X-Timer: S1731105334.964135,VS0,VE89
Vary: Authorization,Accept-Encoding,Origin
Access-Control-Allow-Origin: *
Cross-Origin-Resource-Policy: cross-origin
X-Fastly-Request-ID: 4e2eb7487b198e3c2afce64bed3cc9bd8a93170b
Expires: Fri, 08 Nov 2024 22:40:34 GMT
Source-Age: 0

]
